[  0%] Built target rosgraph_msgs_generate_messages_cpp
[  0%] Built target geometry_msgs_generate_messages_eus
[  0%] Built target roscpp_generate_messages_nodejs
[  0%] Built target std_msgs_generate_messages_eus
[  0%] Built target rosgraph_msgs_generate_messages_eus
[  0%] Built target sensor_msgs_generate_messages_py
[  0%] Built target geometry_msgs_generate_messages_py
[  0%] Built target geometry_msgs_generate_messages_lisp
[  0%] Built target geometry_msgs_generate_messages_nodejs
[  0%] Built target roscpp_generate_messages_eus
[  0%] Built target sensor_msgs_generate_messages_nodejs
[  0%] Built target sensor_msgs_generate_messages_lisp
[  0%] Built target roscpp_generate_messages_py
[  0%] Built target geometry_msgs_generate_messages_cpp
[  0%] Built target roscpp_generate_messages_cpp
[  0%] Built target sensor_msgs_generate_messages_eus
[  0%] Built target rosgraph_msgs_generate_messages_lisp
[  0%] Built target rosgraph_msgs_generate_messages_py
[  0%] Built target std_msgs_generate_messages_lisp
[  0%] Built target roscpp_generate_messages_lisp
[  0%] Built target std_msgs_generate_messages_cpp
[  0%] Built target rosgraph_msgs_generate_messages_nodejs
[  0%] Built target std_msgs_generate_messages_py
[  0%] Built target sensor_msgs_generate_messages_cpp
[  0%] Built target std_msgs_generate_messages_nodejs
[35m[1mScanning dependencies of target ultrasonic_sensor_lib[0m
[ 20%] [32mBuilding CXX object CMakeFiles/ultrasonic_sensor_lib.dir/home/ros/Code/src/rov_planning/src/mqtt/src/mqtt.cpp.o[0m
[01m[K/home/ros/Code/src/rov_planning/src/mqtt/src/mqtt.cpp:[m[K In constructor ‘[01m[KMQTT::Mqtt_imp::Mqtt_imp(const char*)[m[K’:
[01m[K/home/ros/Code/src/rov_planning/src/mqtt/src/mqtt.cpp:28:27:[m[K [01;35m[Kwarning: [m[K‘[01m[Kmosqpp::mosquittopp::mosquittopp(const char*, bool)[m[K’ is deprecated [[01;35m[K-Wdeprecated-declarations[m[K]
   28 |       pad_connected_(false[01;35m[K)[m[K {}
      |                           [01;35m[K^[m[K
In file included from [01m[K/home/ros/Code/src/ultrasonic_sensor/../rov_planning/src/mqtt/include/mqtt.h:46[m[K,
                 from [01m[K/home/ros/Code/src/rov_planning/src/mqtt/src/mqtt.cpp:21[m[K:
[01m[K/usr/include/mosquittopp.h:94:14:[m[K [01;36m[Knote: [m[Kdeclared here
   94 |   DEPRECATED [01;36m[Kmosquittopp[m[K(const char *id=NULL, bool clean_session=true);
      |              [01;36m[K^~~~~~~~~~~[m[K
[01m[K/home/ros/Code/src/rov_planning/src/mqtt/src/mqtt.cpp:[m[K In member function ‘[01m[Kbool MQTT::Mqtt_imp::init()[m[K’:
[01m[K/home/ros/Code/src/rov_planning/src/mqtt/src/mqtt.cpp:39:22:[m[K [01;35m[Kwarning: [m[K‘[01m[Kint mosqpp::mosquittopp::will_set(const char*, int, const void*, int, bool)[m[K’ is deprecated [[01;35m[K-Wdeprecated-declarations[m[K]
   39 |     will_set(WILL_MSG[01;35m[K)[m[K;
      |                      [01;35m[K^[m[K
In file included from [01m[K/home/ros/Code/src/ultrasonic_sensor/../rov_planning/src/mqtt/include/mqtt.h:46[m[K,
                 from [01m[K/home/ros/Code/src/rov_planning/src/mqtt/src/mqtt.cpp:21[m[K:
[01m[K/usr/include/mosquittopp.h:99:18:[m[K [01;36m[Knote: [m[Kdeclared here
   99 |   int DEPRECATED [01;36m[Kwill_set[m[K(const char *topic, int payloadlen=0, const void *payload=NULL, int qos=0, bool retain=false);
      |                  [01;36m[K^~~~~~~~[m[K
[01m[K/home/ros/Code/src/rov_planning/src/mqtt/src/mqtt.cpp:[m[K In member function ‘[01m[Kvirtual void MQTT::Mqtt_imp::on_message(const mosquitto_message*)[m[K’:
[01m[K/home/ros/Code/src/rov_planning/src/mqtt/src/mqtt.cpp:111:17:[m[K [01;35m[Kwarning: [m[K‘[01m[Kint mosqpp::topic_matches_sub(const char*, const char*, bool*)[m[K’ is deprecated [[01;35m[K-Wdeprecated-declarations[m[K]
  111 |         mosqpp::[01;35m[Ktopic_matches_sub[m[K(temp.first.c_str(), message->topic, &res);
      |                 [01;35m[K^~~~~~~~~~~~~~~~~[m[K
In file included from [01m[K/home/ros/Code/src/ultrasonic_sensor/../rov_planning/src/mqtt/include/mqtt.h:46[m[K,
                 from [01m[K/home/ros/Code/src/rov_planning/src/mqtt/src/mqtt.cpp:21[m[K:
[01m[K/usr/include/mosquittopp.h:50:30:[m[K [01;36m[Knote: [m[Kdeclared here
   50 | mosqpp_EXPORT int DEPRECATED [01;36m[Ktopic_matches_sub[m[K(const char *sub, const char *topic, bool *result);
      |                              [01;36m[K^~~~~~~~~~~~~~~~~[m[K
[01m[K/home/ros/Code/src/rov_planning/src/mqtt/src/mqtt.cpp:111:75:[m[K [01;35m[Kwarning: [m[K‘[01m[Kint mosqpp::topic_matches_sub(const char*, const char*, bool*)[m[K’ is deprecated [[01;35m[K-Wdeprecated-declarations[m[K]
  111 |         mosqpp::topic_matches_sub(temp.first.c_str(), message->topic, &res[01;35m[K)[m[K;
      |                                                                           [01;35m[K^[m[K
In file included from [01m[K/home/ros/Code/src/ultrasonic_sensor/../rov_planning/src/mqtt/include/mqtt.h:46[m[K,
                 from [01m[K/home/ros/Code/src/rov_planning/src/mqtt/src/mqtt.cpp:21[m[K:
[01m[K/usr/include/mosquittopp.h:50:30:[m[K [01;36m[Knote: [m[Kdeclared here
   50 | mosqpp_EXPORT int DEPRECATED [01;36m[Ktopic_matches_sub[m[K(const char *sub, const char *topic, bool *result);
      |                              [01;36m[K^~~~~~~~~~~~~~~~~[m[K
[01m[K/home/ros/Code/src/rov_planning/src/mqtt/src/mqtt.cpp:111:75:[m[K [01;35m[Kwarning: [m[K‘[01m[Kint mosqpp::topic_matches_sub(const char*, const char*, bool*)[m[K’ is deprecated [[01;35m[K-Wdeprecated-declarations[m[K]
  111 |         mosqpp::topic_matches_sub(temp.first.c_str(), message->topic, &res[01;35m[K)[m[K;
      |                                                                           [01;35m[K^[m[K
In file included from [01m[K/home/ros/Code/src/ultrasonic_sensor/../rov_planning/src/mqtt/include/mqtt.h:46[m[K,
                 from [01m[K/home/ros/Code/src/rov_planning/src/mqtt/src/mqtt.cpp:21[m[K:
[01m[K/usr/include/mosquittopp.h:50:30:[m[K [01;36m[Knote: [m[Kdeclared here
   50 | mosqpp_EXPORT int DEPRECATED [01;36m[Ktopic_matches_sub[m[K(const char *sub, const char *topic, bool *result);
      |                              [01;36m[K^~~~~~~~~~~~~~~~~[m[K
[01m[K/home/ros/Code/src/rov_planning/src/mqtt/src/mqtt.cpp:[m[K In member function ‘[01m[Kvoid MQTT::Mqtt_imp::ConnectMqttBroker()[m[K’:
[01m[K/home/ros/Code/src/rov_planning/src/mqtt/src/mqtt.cpp:174:49:[m[K [01;35m[Kwarning: [m[K‘[01m[Kint mosqpp::mosquittopp::connect(const char*, int, int)[m[K’ is deprecated [[01;35m[K-Wdeprecated-declarations[m[K]
  174 |     int rc = connect(SERVER_IP,PORT,  KEEP_ALIVE[01;35m[K)[m[K;
      |                                                 [01;35m[K^[m[K
In file included from [01m[K/home/ros/Code/src/ultrasonic_sensor/../rov_planning/src/mqtt/include/mqtt.h:46[m[K,
                 from [01m[K/home/ros/Code/src/rov_planning/src/mqtt/src/mqtt.cpp:21[m[K:
[01m[K/usr/include/mosquittopp.h:102:18:[m[K [01;36m[Knote: [m[Kdeclared here
  102 |   int DEPRECATED [01;36m[Kconnect[m[K(const char *host, int port=1883, int keepalive=60);
      |                  [01;36m[K^~~~~~~[m[K
[01m[K/home/ros/Code/src/rov_planning/src/mqtt/src/mqtt.cpp:180:49:[m[K [01;35m[Kwarning: [m[K‘[01m[Kint mosqpp::mosquittopp::connect(const char*, int, int)[m[K’ is deprecated [[01;35m[K-Wdeprecated-declarations[m[K]
  180 |         rc = connect(SERVER_IP,PORT,  KEEP_ALIVE[01;35m[K)[m[K;
      |                                                 [01;35m[K^[m[K
In file included from [01m[K/home/ros/Code/src/ultrasonic_sensor/../rov_planning/src/mqtt/include/mqtt.h:46[m[K,
                 from [01m[K/home/ros/Code/src/rov_planning/src/mqtt/src/mqtt.cpp:21[m[K:
[01m[K/usr/include/mosquittopp.h:102:18:[m[K [01;36m[Knote: [m[Kdeclared here
  102 |   int DEPRECATED [01;36m[Kconnect[m[K(const char *host, int port=1883, int keepalive=60);
      |                  [01;36m[K^~~~~~~[m[K
[01m[K/home/ros/Code/src/rov_planning/src/mqtt/src/mqtt.cpp:184:44:[m[K [01;35m[Kwarning: [m[K‘[01m[Kint mosqpp::mosquittopp::subscribe(int*, const char*, int)[m[K’ is deprecated [[01;35m[K-Wdeprecated-declarations[m[K]
  184 |         subscribe(nullptr, "SPAD/RCControl"[01;35m[K)[m[K;
      |                                            [01;35m[K^[m[K
In file included from [01m[K/home/ros/Code/src/ultrasonic_sensor/../rov_planning/src/mqtt/include/mqtt.h:46[m[K,
                 from [01m[K/home/ros/Code/src/rov_planning/src/mqtt/src/mqtt.cpp:21[m[K:
[01m[K/usr/include/mosquittopp.h:110:18:[m[K [01;36m[Knote: [m[Kdeclared here
  110 |   int DEPRECATED [01;36m[Ksubscribe[m[K(int *mid, const char *sub, int qos=0);
      |                  [01;36m[K^~~~~~~~~[m[K
[01m[K/home/ros/Code/src/rov_planning/src/mqtt/src/mqtt.cpp:185:46:[m[K [01;35m[Kwarning: [m[K‘[01m[Kint mosqpp::mosquittopp::subscribe(int*, const char*, int)[m[K’ is deprecated [[01;35m[K-Wdeprecated-declarations[m[K]
  185 |         subscribe(nullptr, "SPAD/ModeControl"[01;35m[K)[m[K;
      |                                              [01;35m[K^[m[K
In file included from [01m[K/home/ros/Code/src/ultrasonic_sensor/../rov_planning/src/mqtt/include/mqtt.h:46[m[K,
                 from [01m[K/home/ros/Code/src/rov_planning/src/mqtt/src/mqtt.cpp:21[m[K:
[01m[K/usr/include/mosquittopp.h:110:18:[m[K [01;36m[Knote: [m[Kdeclared here
  110 |   int DEPRECATED [01;36m[Ksubscribe[m[K(int *mid, const char *sub, int qos=0);
      |                  [01;36m[K^~~~~~~~~[m[K
[01m[K/home/ros/Code/src/rov_planning/src/mqtt/src/mqtt.cpp:186:47:[m[K [01;35m[Kwarning: [m[K‘[01m[Kint mosqpp::mosquittopp::subscribe(int*, const char*, int)[m[K’ is deprecated [[01;35m[K-Wdeprecated-declarations[m[K]
  186 |         subscribe(nullptr, "SPAD/ArmedControl"[01;35m[K)[m[K;
      |                                               [01;35m[K^[m[K
In file included from [01m[K/home/ros/Code/src/ultrasonic_sensor/../rov_planning/src/mqtt/include/mqtt.h:46[m[K,
                 from [01m[K/home/ros/Code/src/rov_planning/src/mqtt/src/mqtt.cpp:21[m[K:
[01m[K/usr/include/mosquittopp.h:110:18:[m[K [01;36m[Knote: [m[Kdeclared here
  110 |   int DEPRECATED [01;36m[Ksubscribe[m[K(int *mid, const char *sub, int qos=0);
      |                  [01;36m[K^~~~~~~~~[m[K
[01m[K/home/ros/Code/src/rov_planning/src/mqtt/src/mqtt.cpp:187:44:[m[K [01;35m[Kwarning: [m[K‘[01m[Kint mosqpp::mosquittopp::subscribe(int*, const char*, int)[m[K’ is deprecated [[01;35m[K-Wdeprecated-declarations[m[K]
  187 |         subscribe(nullptr, "SPAD/Heartbeat"[01;35m[K)[m[K;
      |                                            [01;35m[K^[m[K
In file included from [01m[K/home/ros/Code/src/ultrasonic_sensor/../rov_planning/src/mqtt/include/mqtt.h:46[m[K,
                 from [01m[K/home/ros/Code/src/rov_planning/src/mqtt/src/mqtt.cpp:21[m[K:
[01m[K/usr/include/mosquittopp.h:110:18:[m[K [01;36m[Knote: [m[Kdeclared here
  110 |   int DEPRECATED [01;36m[Ksubscribe[m[K(int *mid, const char *sub, int qos=0);
      |                  [01;36m[K^~~~~~~~~[m[K
[01m[K/home/ros/Code/src/rov_planning/src/mqtt/src/mqtt.cpp:189:20:[m[K [01;35m[Kwarning: [m[K‘[01m[Kint mosqpp::mosquittopp::loop_start()[m[K’ is deprecated [[01;35m[K-Wdeprecated-declarations[m[K]
  189 |         loop_start([01;35m[K)[m[K;
      |                    [01;35m[K^[m[K
In file included from [01m[K/home/ros/Code/src/ultrasonic_sensor/../rov_planning/src/mqtt/include/mqtt.h:46[m[K,
                 from [01m[K/home/ros/Code/src/rov_planning/src/mqtt/src/mqtt.cpp:21[m[K:
[01m[K/usr/include/mosquittopp.h:127:18:[m[K [01;36m[Knote: [m[Kdeclared here
  127 |   int DEPRECATED [01;36m[Kloop_start[m[K();
      |                  [01;36m[K^~~~~~~~~~[m[K
[01m[K/home/ros/Code/src/rov_planning/src/mqtt/src/mqtt.cpp:[m[K In member function ‘[01m[Kvoid MQTT::Mqtt_imp::SetState(const ModeStatus&)[m[K’:
[01m[K/home/ros/Code/src/rov_planning/src/mqtt/src/mqtt.cpp:291:57:[m[K [01;35m[Kwarning: [m[K‘[01m[Kint mosqpp::mosquittopp::publish(int*, const char*, int, const void*, int, bool)[m[K’ is deprecated [[01;35m[K-Wdeprecated-declarations[m[K]
  291 |     publish(nullptr, topic, result.size(), result.data()[01;35m[K)[m[K;
      |                                                         [01;35m[K^[m[K
In file included from [01m[K/home/ros/Code/src/ultrasonic_sensor/../rov_planning/src/mqtt/include/mqtt.h:46[m[K,
                 from [01m[K/home/ros/Code/src/rov_planning/src/mqtt/src/mqtt.cpp:21[m[K:
[01m[K/usr/include/mosquittopp.h:109:18:[m[K [01;36m[Knote: [m[Kdeclared here
  109 |   int DEPRECATED [01;36m[Kpublish[m[K(int *mid, const char *topic, int payloadlen=0, const void *payload=NULL, int qos=0, bool retain=false);
      |                  [01;36m[K^~~~~~~[m[K
[01m[K/home/ros/Code/src/rov_planning/src/mqtt/src/mqtt.cpp:[m[K In member function ‘[01m[Kvoid MQTT::Mqtt_imp::SetRCOut(const std::vector<int>&)[m[K’:
[01m[K/home/ros/Code/src/rov_planning/src/mqtt/src/mqtt.cpp:318:54:[m[K [01;35m[Kwarning: [m[K‘[01m[Kint mosqpp::mosquittopp::publish(int*, const char*, int, const void*, int, bool)[m[K’ is deprecated [[01;35m[K-Wdeprecated-declarations[m[K]
  318 |     publish(nullptr,topic,result.size(),result.data()[01;35m[K)[m[K;
      |                                                      [01;35m[K^[m[K
In file included from [01m[K/home/ros/Code/src/ultrasonic_sensor/../rov_planning/src/mqtt/include/mqtt.h:46[m[K,
                 from [01m[K/home/ros/Code/src/rov_planning/src/mqtt/src/mqtt.cpp:21[m[K:
[01m[K/usr/include/mosquittopp.h:109:18:[m[K [01;36m[Knote: [m[Kdeclared here
  109 |   int DEPRECATED [01;36m[Kpublish[m[K(int *mid, const char *topic, int payloadlen=0, const void *payload=NULL, int qos=0, bool retain=false);
      |                  [01;36m[K^~~~~~~[m[K
[01m[K/home/ros/Code/src/rov_planning/src/mqtt/src/mqtt.cpp:[m[K In member function ‘[01m[Kvoid MQTT::Mqtt_imp::SetUltrasonicData(uint16_t)[m[K’:
[01m[K/home/ros/Code/src/rov_planning/src/mqtt/src/mqtt.cpp:334:78:[m[K [01;35m[Kwarning: [m[K‘[01m[Kint mosqpp::mosquittopp::publish(int*, const char*, int, const void*, int, bool)[m[K’ is deprecated [[01;35m[K-Wdeprecated-declarations[m[K]
  334 |     int rc = publish(nullptr, "MACH/Ultrasonic", result.size(), result.data()[01;35m[K)[m[K;
      |                                                                              [01;35m[K^[m[K
In file included from [01m[K/home/ros/Code/src/ultrasonic_sensor/../rov_planning/src/mqtt/include/mqtt.h:46[m[K,
                 from [01m[K/home/ros/Code/src/rov_planning/src/mqtt/src/mqtt.cpp:21[m[K:
[01m[K/usr/include/mosquittopp.h:109:18:[m[K [01;36m[Knote: [m[Kdeclared here
  109 |   int DEPRECATED [01;36m[Kpublish[m[K(int *mid, const char *topic, int payloadlen=0, const void *payload=NULL, int qos=0, bool retain=false);
      |                  [01;36m[K^~~~~~~[m[K
[ 40%] [32m[1mLinking CXX shared library /home/ros/Code/devel/.private/ultrasonic_sensor/lib/libultrasonic_sensor_lib.so[0m
[ 60%] Built target ultrasonic_sensor_lib
[35m[1mScanning dependencies of target ultrasonic_sensor_node[0m
[ 80%] [32mBuilding CXX object CMakeFiles/ultrasonic_sensor_node.dir/src/main.cpp.o[0m
[100%] [32m[1mLinking CXX executable /home/ros/Code/devel/.private/ultrasonic_sensor/lib/ultrasonic_sensor/ultrasonic_sensor_node[0m
[100%] Built target ultrasonic_sensor_node
