[01m[K/home/ros/Code/src/ultrasonic_sensor/src/ultrasonic/src/ultrasonic_sensor_node.cpp:[m[K In member function ‘[01m[Kvoid ultrasonic_sensor::ultrasonic::UltrasonicSensorNode::Run()[m[K’:
[01m[K/home/ros/Code/src/ultrasonic_sensor/src/ultrasonic/src/ultrasonic_sensor_node.cpp:75:5:[m[K [01;31m[Kerror: [m[Kexpected ‘[01m[Kcatch[m[K’ before ‘[01m[K}[m[K’ token
   75 |     [01;31m[K}[m[K
      |     [01;31m[K^[m[K
[01m[K/home/ros/Code/src/ultrasonic_sensor/src/ultrasonic/src/ultrasonic_sensor_node.cpp:75:5:[m[K [01;31m[Kerror: [m[Kexpected ‘[01m[K([m[K’ before ‘[01m[K}[m[K’ token
   75 |     [01;31m[K}[m[K
      |     [01;31m[K^[m[K
      |     [32m[K([m[K
[01m[K/home/ros/Code/src/ultrasonic_sensor/src/ultrasonic/src/ultrasonic_sensor_node.cpp:75:5:[m[K [01;31m[Kerror: [m[Kexpected type-specifier before ‘[01m[K}[m[K’ token
[01m[K/home/ros/Code/src/ultrasonic_sensor/src/ultrasonic/src/ultrasonic_sensor_node.cpp:57:10:[m[K [01;31m[Kerror: [m[Kexpected ‘[01m[K)[m[K’ before ‘[01m[K}[m[K’ token
   57 |         }
      |          [01;31m[K^[m[K
      |          [32m[K)[m[K
......
   75 |     [32m[K}[m[K
      |     [32m[K~[m[K     
[01m[K/home/ros/Code/src/ultrasonic_sensor/src/ultrasonic/src/ultrasonic_sensor_node.cpp:75:5:[m[K [01;31m[Kerror: [m[Kexpected ‘[01m[K{[m[K’ before ‘[01m[K}[m[K’ token
   75 |     [01;31m[K}[m[K
      |     [01;31m[K^[m[K
make[2]: *** [CMakeFiles/ultrasonic_sensor_lib.dir/build.make:63：CMakeFiles/ultrasonic_sensor_lib.dir/src/ultrasonic/src/ultrasonic_sensor_node.cpp.o] 错误 1
make[1]: *** [CMakeFiles/Makefile2:972：CMakeFiles/ultrasonic_sensor_lib.dir/all] 错误 2
make: *** [Makefile:141：all] 错误 2
